cURL error 6: Could not resolve host: ollyo.atlassian.net (see https://curl.haxx.se/libcurl/c/libcurl-errors.html) for https://ollyo.atlassian.net/rest/api/3/search?jql=project=BFLPJcURL error 6: Could not resolve host: ollyo.atlassian.net (see https://curl.haxx.se/libcurl/c/libcurl-errors.html) for https://ollyo.atlassian.net/rest/api/3/search?jql=project=BFLPJcURL error 6: Could not resolve host: ollyo.atlassian.net (see https://curl.haxx.se/libcurl/c/libcurl-errors.html) for https://ollyo.atlassian.net/rest/api/3/search?jql=project=BFLPJcURL error 6: Could not resolve host: ollyo.atlassian.net (see https://curl.haxx.se/libcurl/c/libcurl-errors.html) for https://ollyo.atlassian.net/rest/api/3/search?jql=project=BFLPJcURL error 6: Could not resolve host: ollyo.atlassian.net (see https://curl.haxx.se/libcurl/c/libcurl-errors.html) for https://ollyo.atlassian.net/rest/api/3/search?jql=project=BFLPJcURL error 6: Could not resolve host: ollyo.atlassian.net (see https://curl.haxx.se/libcurl/c/libcurl-errors.html) for https://ollyo.atlassian.net/rest/api/3/search?jql=project=BFLPJcURL error 6: Could not resolve host: ollyo.atlassian.net (see https://curl.haxx.se/libcurl/c/libcurl-errors.html) for https://ollyo.atlassian.net/rest/api/3/search?jql=project=BFLPJcURL error 6: Could not resolve host: ollyo.atlassian.net (see https://curl.haxx.se/libcurl/c/libcurl-errors.html) for https://ollyo.atlassian.net/rest/api/3/search?jql=project=BFLPJcURL error 6: Could not resolve host: ollyo.atlassian.net (see https://curl.haxx.se/libcurl/c/libcurl-errors.html) for https://ollyo.atlassian.net/rest/api/3/search?jql=project=BFLPJcURL error 6: Could not resolve host: ollyo.atlassian.net (see https://curl.haxx.se/libcurl/c/libcurl-errors.html) for https://ollyo.atlassian.net/rest/api/3/search?jql=project=BFLPJcURL error 6: Could not resolve host: ollyo.atlassian.net (see https://curl.haxx.se/libcurl/c/libcurl-errors.html) for https://ollyo.atlassian.net/rest/api/3/search?jql=project=BFLPJcURL error 6: Could not resolve host: ollyo.atlassian.net (see https://curl.haxx.se/libcurl/c/libcurl-errors.html) for https://ollyo.atlassian.net/rest/api/3/search?jql=project=BFLPJcURL error 6: Could not resolve host: ollyo.atlassian.net (see https://curl.haxx.se/libcurl/c/libcurl-errors.html) for https://ollyo.atlassian.net/rest/api/3/search?jql=project=BFLPJcURL error 6: Could not resolve host: ollyo.atlassian.net (see https://curl.haxx.se/libcurl/c/libcurl-errors.html) for https://ollyo.atlassian.net/rest/api/3/search?jql=project=BFLPJcURL error 6: Could not resolve host: ollyo.atlassian.net (see https://curl.haxx.se/libcurl/c/libcurl-errors.html) for https://ollyo.atlassian.net/rest/api/3/search?jql=project=BFLPJcURL error 6: Could not resolve host: ollyo.atlassian.net (see https://curl.haxx.se/libcurl/c/libcurl-errors.html) for https://ollyo.atlassian.net/rest/api/3/search?jql=project=BFLPJcURL error 6: Could not resolve host: ollyo.atlassian.net (see https://curl.haxx.se/libcurl/c/libcurl-errors.html) for https://ollyo.atlassian.net/rest/api/3/search?jql=project=BFLPJcURL error 6: Could not resolve host: ollyo.atlassian.net (see https://curl.haxx.se/libcurl/c/libcurl-errors.html) for https://ollyo.atlassian.net/rest/api/3/search?jql=project=BFLPJcURL error 6: Could not resolve host: ollyo.atlassian.net (see https://curl.haxx.se/libcurl/c/libcurl-errors.html) for https://ollyo.atlassian.net/rest/api/3/search?jql=project=BFLPJcURL error 6: Could not resolve host: ollyo.atlassian.net (see https://curl.haxx.se/libcurl/c/libcurl-errors.html) for https://ollyo.atlassian.net/rest/api/3/search?jql=project=BFLPJcURL error 6: Could not resolve host: ollyo.atlassian.net (see https://curl.haxx.se/libcurl/c/libcurl-errors.html) for https://ollyo.atlassian.net/rest/api/3/search?jql=project=BFLPJcURL error 6: Could not resolve host: ollyo.atlassian.net (see https://curl.haxx.se/libcurl/c/libcurl-errors.html) for https://ollyo.atlassian.net/rest/api/3/search?jql=project=BFLPJcURL error 6: Could not resolve host: ollyo.atlassian.net (see https://curl.haxx.se/libcurl/c/libcurl-errors.html) for https://ollyo.atlassian.net/rest/api/3/search?jql=project=BFLPJcURL error 6: Could not resolve host: ollyo.atlassian.net (see https://curl.haxx.se/libcurl/c/libcurl-errors.html) for https://ollyo.atlassian.net/rest/api/3/search?jql=project=BFLPJcURL error 6: Could not resolve host: ollyo.atlassian.net (see https://curl.haxx.se/libcurl/c/libcurl-errors.html) for https://ollyo.atlassian.net/rest/api/3/search?jql=project=BFLPJcURL error 6: Could not resolve host: ollyo.atlassian.net (see https://curl.haxx.se/libcurl/c/libcurl-errors.html) for https://ollyo.atlassian.net/rest/api/3/search?jql=project=BFLPJcURL error 6: Could not resolve host: ollyo.atlassian.net (see https://curl.haxx.se/libcurl/c/libcurl-errors.html) for https://ollyo.atlassian.net/rest/api/3/search?jql=project=BFLPJcURL error 6: Could not resolve host: ollyo.atlassian.net (see https://curl.haxx.se/libcurl/c/libcurl-errors.html) for https://ollyo.atlassian.net/rest/api/3/search?jql=project=BFLPJcURL error 6: Could not resolve host: ollyo.atlassian.net (see https://curl.haxx.se/libcurl/c/libcurl-errors.html) for https://ollyo.atlassian.net/rest/api/3/search?jql=project=BFLPJcURL error 6: Could not resolve host: ollyo.atlassian.net (see https://curl.haxx.se/libcurl/c/libcurl-errors.html) for https://ollyo.atlassian.net/rest/api/3/search?jql=project=BFLPJcURL error 6: Could not resolve host: ollyo.atlassian.net (see https://curl.haxx.se/libcurl/c/libcurl-errors.html) for https://ollyo.atlassian.net/rest/api/3/search?jql=project=BFLPJcURL error 6: Could not resolve host: ollyo.atlassian.net (see https://curl.haxx.se/libcurl/c/libcurl-errors.html) for https://ollyo.atlassian.net/rest/api/3/search?jql=project=BFLPJcURL error 6: Could not resolve host: ollyo.atlassian.net (see https://curl.haxx.se/libcurl/c/libcurl-errors.html) for https://ollyo.atlassian.net/rest/api/3/search?jql=project=BFLPJcURL error 6: Could not resolve host: ollyo.atlassian.net (see https://curl.haxx.se/libcurl/c/libcurl-errors.html) for https://ollyo.atlassian.net/rest/api/3/search?jql=project=BFLPJcURL error 6: Could not resolve host: ollyo.atlassian.net (see https://curl.haxx.se/libcurl/c/libcurl-errors.html) for https://ollyo.atlassian.net/rest/api/3/search?jql=project=BFLPJcURL error 6: Could not resolve host: ollyo.atlassian.net (see https://curl.haxx.se/libcurl/c/libcurl-errors.html) for https://ollyo.atlassian.net/rest/api/3/search?jql=project=BFLPJcURL error 6: Could not resolve host: ollyo.atlassian.net (see https://curl.haxx.se/libcurl/c/libcurl-errors.html) for https://ollyo.atlassian.net/rest/api/3/search?jql=project=BFLPJcURL error 6: Could not resolve host: ollyo.atlassian.net (see https://curl.haxx.se/libcurl/c/libcurl-errors.html) for https://ollyo.atlassian.net/rest/api/3/search?jql=project=BFLPJcURL error 6: Could not resolve host: ollyo.atlassian.net (see https://curl.haxx.se/libcurl/c/libcurl-errors.html) for https://ollyo.atlassian.net/rest/api/3/search?jql=project=BFLPJcURL error 6: Could not resolve host: ollyo.atlassian.net (see https://curl.haxx.se/libcurl/c/libcurl-errors.html) for https://ollyo.atlassian.net/rest/api/3/search?jql=project=BFLPJcURL error 6: Could not resolve host: ollyo.atlassian.net (see https://curl.haxx.se/libcurl/c/libcurl-errors.html) for https://ollyo.atlassian.net/rest/api/3/search?jql=project=BFLPJcURL error 6: Could not resolve host: ollyo.atlassian.net (see https://curl.haxx.se/libcurl/c/libcurl-errors.html) for https://ollyo.atlassian.net/rest/api/3/search?jql=project=BFLPJcURL error 6: Could not resolve host: ollyo.atlassian.net (see https://curl.haxx.se/libcurl/c/libcurl-errors.html) for https://ollyo.atlassian.net/rest/api/3/search?jql=project=BFLPJcURL error 6: Could not resolve host: ollyo.atlassian.net (see https://curl.haxx.se/libcurl/c/libcurl-errors.html) for https://ollyo.atlassian.net/rest/api/3/search?jql=project=BFLPJcURL error 6: Could not resolve host: ollyo.atlassian.net (see https://curl.haxx.se/libcurl/c/libcurl-errors.html) for https://ollyo.atlassian.net/rest/api/3/search?jql=project=BFLPJcURL error 6: Could not resolve host: ollyo.atlassian.net (see https://curl.haxx.se/libcurl/c/libcurl-errors.html) for https://ollyo.atlassian.net/rest/api/3/search?jql=project=BFLPJcURL error 6: Could not resolve host: ollyo.atlassian.net (see https://curl.haxx.se/libcurl/c/libcurl-errors.html) for https://ollyo.atlassian.net/rest/api/3/search?jql=project=BFLPJcURL error 6: Could not resolve host: ollyo.atlassian.net (see https://curl.haxx.se/libcurl/c/libcurl-errors.html) for https://ollyo.atlassian.net/rest/api/3/search?jql=project=BFLPJcURL error 6: Could not resolve host: ollyo.atlassian.net (see https://curl.haxx.se/libcurl/c/libcurl-errors.html) for https://ollyo.atlassian.net/rest/api/3/search?jql=project=BFLPJcURL error 6: Could not resolve host: ollyo.atlassian.net (see https://curl.haxx.se/libcurl/c/libcurl-errors.html) for https://ollyo.atlassian.net/rest/api/3/search?jql=project=BFLPJcURL error 6: Could not resolve host: ollyo.atlassian.net (see https://curl.haxx.se/libcurl/c/libcurl-errors.html) for https://ollyo.atlassian.net/rest/api/3/search?jql=project=BFLPJcURL error 6: Could not resolve host: ollyo.atlassian.net (see https://curl.haxx.se/libcurl/c/libcurl-errors.html) for https://ollyo.atlassian.net/rest/api/3/search?jql=project=BFLPJcURL error 6: Could not resolve host: ollyo.atlassian.net (see https://curl.haxx.se/libcurl/c/libcurl-errors.html) for https://ollyo.atlassian.net/rest/api/3/search?jql=project=BFLPJcURL error 6: Could not resolve host: ollyo.atlassian.net (see https://curl.haxx.se/libcurl/c/libcurl-errors.html) for https://ollyo.atlassian.net/rest/api/3/search?jql=project=BFLPJcURL error 6: Could not resolve host: ollyo.atlassian.net (see https://curl.haxx.se/libcurl/c/libcurl-errors.html) for https://ollyo.atlassian.net/rest/api/3/search?jql=project=BFLPJ
   ParseError 

  syntax error, unexpected ')'

  at app/Repositories/DailyTaskRepository.php:42
     38▕                         ->whereNull('last_sync')
     39▕                         ->orWhere('project_status_on_pmo', 'Untracked')
     40▕                         ->take(1)
     41▕                         ->get();
  ➜  42▕         if ( ) 
     43▕         return $projectKeys = Project::select('project_key')
     44▕                         ->where('last_sync', DB::raw('SELECT MIN(`last_sync`) FROM `projects`'))
     45▕                         ->whereNull('last_sync')
     46▕                         ->orWhere('project_status_on_pmo', 'Untracked')

      [2m+1 vendor frames [22m
  2   [internal]:0
      Composer\Autoload\ClassLoader::loadClass()

  3   app/Console/Commands/UpdateDailyTask.php:42
      spl_autoload_call()

   ParseError 

  syntax error, unexpected ')'

  at app/Repositories/DailyTaskRepository.php:42
     38▕                         ->whereNull('last_sync')
     39▕                         ->orWhere('project_status_on_pmo', 'Untracked')
     40▕                         ->take(1)
     41▕                         ->get();
  ➜  42▕         if ( ) {
     43▕             
     44▕         }
     45▕         return $projectKeys = Project::select('project_key')
     46▕                         ->where('last_sync', DB::raw('SELECT MIN(`last_sync`) FROM `projects`'))

      [2m+1 vendor frames [22m
  2   [internal]:0
      Composer\Autoload\ClassLoader::loadClass()

  3   app/Console/Commands/UpdateDailyTask.php:42
      spl_autoload_call()

   ParseError 

  syntax error, unexpected ')'

  at app/Repositories/DailyTaskRepository.php:42
     38▕                         ->whereNull('last_sync')
     39▕                         ->orWhere('project_status_on_pmo', 'Untracked')
     40▕                         ->take(1)
     41▕                         ->get();
  ➜  42▕         if ( ) {
     43▕             
     44▕         }
     45▕         return $projectKeys = Project::select('project_key')
     46▕                         ->where('last_sync', DB::raw('SELECT MIN(`last_sync`) FROM `projects`'))

      [2m+1 vendor frames [22m
  2   [internal]:0
      Composer\Autoload\ClassLoader::loadClass()

  3   app/Console/Commands/UpdateDailyTask.php:42
      spl_autoload_call()

   ParseError 

  syntax error, unexpected ')'

  at app/Repositories/DailyTaskRepository.php:42
     38▕                         ->whereNull('last_sync')
     39▕                         ->orWhere('project_status_on_pmo', 'Untracked')
     40▕                         ->take(1)
     41▕                         ->get();
  ➜  42▕         if ( ) {
     43▕             
     44▕         }
     45▕         return $projectKeys = Project::select('project_key')
     46▕                         ->where('last_sync', DB::raw('SELECT MIN(`last_sync`) FROM `projects`'))

      [2m+1 vendor frames [22m
  2   [internal]:0
      Composer\Autoload\ClassLoader::loadClass()

  3   app/Console/Commands/UpdateDailyTask.php:42
      spl_autoload_call()
SQLSTATE[42000]: Syntax error or access violation: 1064 You have an error in your SQL syntax; check the manual that corresponds to your MySQL server version for the right syntax to use near 'SELECT MIN(`last_sync`) FROM `projects` and `last_sync` is null or `project_stat' at line 1 (SQL: select `project_key` from `projects` where `last_sync` = SELECT MIN(`last_sync`) FROM `projects` and `last_sync` is null or `project_status_on_pmo` = Untracked limit 1)SQLSTATE[42000]: Syntax error or access violation: 1064 You have an error in your SQL syntax; check the manual that corresponds to your MySQL server version for the right syntax to use near 'SELECT MIN(`last_sync`) FROM `projects` and `last_sync` is null or `project_stat' at line 1 (SQL: select `project_key` from `projects` where `last_sync` = SELECT MIN(`last_sync`) FROM `projects` and `last_sync` is null or `project_status_on_pmo` = Untracked limit 1)